Project PACMAN Kotlin/app/ui/legacy/build/intermediates/manifest_merge_blame_file/debug/manifest-merger-blame-debug-report.txt
1<?xml version="1.0" encoding="utf-8"?>
2<manifest xmlns:android="http://schemas.android.com/apk/res/android"
3    package="com.fsck.k9.ui" >
4
5    <uses-sdk
6        android:minSdkVersion="21"
6-->src/main/AndroidManifest.xml
7        android:targetSdkVersion="31" />
7-->src/main/AndroidManifest.xml
8
9    <uses-permission android:name="android.permission.VIBRATE" />
9-->src/main/AndroidManifest.xml:5:5-66
9-->src/main/AndroidManifest.xml:5:22-63
10
11    <queries>
11-->src/main/AndroidManifest.xml:7:5-47:15
12        <intent>
12-->src/main/AndroidManifest.xml:8:9-17:18
13
14            <!-- Used to check whether to display the "Add from Contacts" menu item in the compose screen -->
15            <action android:name="android.intent.action.PICK" />
15-->src/main/AndroidManifest.xml:11:13-65
15-->src/main/AndroidManifest.xml:11:21-62
16
17            <data
17-->src/main/AndroidManifest.xml:13:13-16:44
18                android:host="com.android.contacts"
18-->src/main/AndroidManifest.xml:14:17-52
19                android:mimeType="*/*"
19-->src/main/AndroidManifest.xml:15:17-39
20                android:scheme="content" />
20-->src/main/AndroidManifest.xml:16:17-41
21        </intent>
22        <intent>
22-->src/main/AndroidManifest.xml:18:9-26:18
23
24            <!-- Used by AttachmentController to find the best Intent to view an attachment -->
25            <action android:name="android.intent.action.VIEW" />
25-->src/main/AndroidManifest.xml:21:13-65
25-->src/main/AndroidManifest.xml:21:21-62
26
27            <data
27-->src/main/AndroidManifest.xml:13:13-16:44
28                android:mimeType="*/*"
28-->src/main/AndroidManifest.xml:15:17-39
29                android:scheme="content" />
29-->src/main/AndroidManifest.xml:16:17-41
30        </intent>
31        <intent>
31-->src/main/AndroidManifest.xml:27:9-31:18
32
33            <!-- Used by the OpenPGP API -->
34            <action android:name="org.openintents.openpgp.IOpenPgpService2" />
34-->src/main/AndroidManifest.xml:30:13-79
34-->src/main/AndroidManifest.xml:30:21-76
35        </intent>
36        <intent>
36-->src/main/AndroidManifest.xml:32:9-41:18
37
38            <!-- Used by OpenPgpAppSelectDialog -->
39            <action android:name="android.intent.action.VIEW" />
39-->src/main/AndroidManifest.xml:21:13-65
39-->src/main/AndroidManifest.xml:21:21-62
40
41            <data
41-->src/main/AndroidManifest.xml:13:13-16:44
42                android:host="details"
42-->src/main/AndroidManifest.xml:14:17-52
43                android:mimeType="*/*"
43-->src/main/AndroidManifest.xml:15:17-39
44                android:scheme="market" />
44-->src/main/AndroidManifest.xml:16:17-41
45        </intent>
46        <intent>
46-->src/main/AndroidManifest.xml:42:9-46:18
47
48            <!-- Used by OpenPgpAppSelectDialog -->
49            <action android:name="org.openintents.openpgp.IOpenPgpService" />
49-->src/main/AndroidManifest.xml:45:13-78
49-->src/main/AndroidManifest.xml:45:21-75
50        </intent>
51    </queries>
52
53    <application
53-->src/main/AndroidManifest.xml:49:5-51:61
54        android:supportsRtl="true"
54-->src/main/AndroidManifest.xml:50:9-35
55        android:theme="@style/Theme.K9.Light" />
55-->src/main/AndroidManifest.xml:51:9-46
56
57</manifest>